
  ___  ____  ____  ____  ____ (R)
 /__    /   ____/   /   ____/
___/   /   /___/   /   /___/   16.1   Copyright 1985-2019 StataCorp LLC
  Statistics/Data analysis            StataCorp
                                      4905 Lakeway Drive
     Special Edition                  College Station, Texas 77845 USA
                                      800-STATA-PC        https://www.stata.com
                                      979-696-4600        stata@stata.com
                                      979-696-4601 (fax)

Stata license: Single-user , expiring  5 Jul 2021
Serial number: 401609700731
  Licensed to: Yongseok Kim
               Indiana University Bloomington

Notes:
      1. Stata is running in batch mode.
      2. Unicode is supported; see help unicode_advice.
      3. Maximum number of variables is set to 5,000; see help set_maxvar.

. do draw_figure4 

. clear all

. set more off

. set graphics off

. 
. cd "~/Projects/Replication/BKS2009"
/Users/apple/Projects/Replication/BKS2009

. use "analysis/temp/prepared", replace

. 
. drop if missing(gindex)
(101,144 observations deleted)

. bysort fyear: egen gim_rank = rank(gindex)

. bysort fyear: egen gim_n = count(gindex)

. gen gim_pct = (gim_rank - 1)/gim_n

. egen gim_group = cut(gim_pct), at(0 0.2 0.4 0.6 0.8 1) icodes

. 
. collapse (mean) mean_cashr = cashr, by(fyear gim_group) 

. 
. qui twoway  ///
> (scatter mean_cashr fyear if gim_group == 4, con(l)) ///
> (scatter mean_cashr fyear if gim_group == 3, con(l)) ///
> (scatter mean_cashr fyear if gim_group == 2, con(l)) ///
> (scatter mean_cashr fyear if gim_group == 1, con(l)) ///
> (scatter mean_cashr fyear if gim_group == 0, con(l)), ///
> legend(label(1 "Q5: Highest") label(2 "Q4") label(3 "Q3") label(4 "Q2") label
> (5 "Q1: Lowest") rows(1) pos(12) size(vsmall)) ///
> legend(order(5 4 3 2 1)) ///
> xtitle("Year") ytitle("cash/assets") ///
> yscale(range(0 0.25)) ylabel(0(0.05)0.25) ///
> xscale(range(1990 2006)) xlabel(1990(2)2006)

. 
. graph export "analysis/output/fig/fig4.pdf", replace
(file analysis/output/fig/fig4.pdf written in PDF format)

. 
end of do-file
