
  ___  ____  ____  ____  ____ (R)
 /__    /   ____/   /   ____/
___/   /   /___/   /   /___/   16.1   Copyright 1985-2019 StataCorp LLC
  Statistics/Data Analysis            StataCorp
                                      4905 Lakeway Drive
     Special Edition                  College Station, Texas 77845 USA
                                      800-STATA-PC        http://www.stata.com
                                      979-696-4600        stata@stata.com
                                      979-696-4601 (fax)

Single-user Stata license expires  5 Jul 2021:
       Serial number:  401609700731
         Licensed to:  Yongseok Kim
                       Indiana University Bloomington

Notes:
      1.  Stata is running in batch mode.
      2.  Unicode is supported; see help unicode_advice.
      3.  Maximum number of variables is set to 5000; see help set_maxvar.

. do tabulate_tab1 

. clear all

. set more off

. 
. cd ~/Projects/Replication/BKS2009
/Users/apple/Projects/Replication/BKS2009

. use analysis/temp/prepared, replace

. 
. gen nlev = lev - cashr
(750 missing values generated)

. 
. collapse (count) nobs = cashr ///
>  (sum) agg_che = che agg_at = at ///
> (mean) mean_cashr = cashr mean_lev = lev mean_nlev = nlev ///
> (median) med_cashr = cashr med_lev = lev med_nlev = nlev, ///
> by(fyear)

. 
. gen agg_cashr = agg_che / agg_at

. 
. keep fyear nobs agg_cashr mean_cashr med_cashr mean_lev med_lev mean_nlev med
> _nlev

. order fyear nobs agg_cashr mean_cashr med_cashr mean_lev med_lev mean_nlev me
> d_nlev

. 
. qui tostring nobs, force replace format ("%5.0fc")

. qui tostring agg_cashr mean_cashr med_cashr mean_lev med_lev mean_nlev med_nl
> ev, force replace format ("%4.3f")

. 
. listtab * using "analysis/output/tab/tab1.tex", rstyle(tabular) replace ///
> head("\begin{tabular}{l c c c c c c c c}" ///
> "\toprule" ///
> "Year & \multicolumn{1}{c}{N} & \multicolumn{1}{p{1.5cm}}{\centering Aggregat
> e\\Cash\\Ratio} & \multicolumn{1}{p{1.5cm}}{\centering Average\\Cash\\Ratio} 
> & \multicolumn{1}{p{1.5cm}}{\centering Median\\Cash\\Ratio} & \multicolumn{1}
> {p{1.5cm}}{\centering Average\\Leverage} & \multicolumn{1}{p{1.5cm}}{\centeri
> ng Median\\Leverage} & \multicolumn{1}{p{1.5cm}}{\centering Average\\Net\\Lev
> erage} & \multicolumn{1}{p{1.5cm}}{\centering Median\\Net\\Leverage}\\" ///
> "\midrule") ///
> foot("\bottomrule" "\end{tabular}")

. 
end of do-file
